<?xml version="1.0" encoding="UTF-8"?>
<testng-results skipped="0" failed="0" ignored="0" total="1" passed="1">
  <reporter-output>
  </reporter-output>
  <suite name="Default suite" duration-ms="19388" started-at="2018-05-13T22:59:27Z" finished-at="2018-05-13T22:59:46Z">
    <groups>
    </groups>
    <test name="Default test" duration-ms="19388" started-at="2018-05-13T22:59:27Z" finished-at="2018-05-13T22:59:46Z">
      <class name="com.test.SampleTest">
        <test-method status="PASS" signature="init()[pri:0, instance:com.test.SampleTest@4520ebad]" name="init" is-config="true" duration-ms="20" started-at="2018-05-13T11:59:27Z" finished-at="2018-05-13T11:59:27Z">
          <reporter-output>
          </reporter-output>
        </test-method> <!-- init -->
        <test-method status="PASS" signature="test1()[pri:0, instance:com.test.SampleTest@4520ebad]" name="test1" duration-ms="19314" started-at="2018-05-13T11:59:27Z" finished-at="2018-05-13T11:59:46Z">
          <reporter-output>
          </reporter-output>
        </test-method> <!-- test1 -->
      </class> <!-- com.test.SampleTest -->
    </test> <!-- Default test -->
  </suite> <!-- Default suite -->
</testng-results>
